<?xml version="1.0" encoding="UTF-8"?>
<coverage generated="1645412703405" clover="3.2.0">
  <project timestamp="1645412703405" name="All files">
    <metrics statements="87" coveredstatements="58" conditionals="35" coveredconditionals="15" methods="25" coveredmethods="16" elements="147" coveredelements="89" complexity="0" loc="87" ncloc="87" packages="2" files="2" classes="2"/>
    <package name="assets">
      <metrics statements="9" coveredstatements="3" conditionals="3" coveredconditionals="0" methods="3" coveredmethods="0"/>
      <file name="five-word.js" path="/Users/colin-McNamara/Documents/Code/CM-GitHub/wordle-clone/src/assets/five-word.js">
        <metrics statements="9" coveredstatements="3" conditionals="3" coveredconditionals="0" methods="3" coveredmethods="0"/>
        <line num="1" count="1" type="stmt"/>
        <line num="5749" count="1" type="stmt"/>
        <line num="5756" count="1" type="cond" truecount="0" falsecount="1"/>
        <line num="5757" count="0" type="stmt"/>
        <line num="5759" count="0" type="stmt"/>
        <line num="5760" count="0" type="cond" truecount="0" falsecount="2"/>
        <line num="5761" count="0" type="stmt"/>
        <line num="5763" count="0" type="stmt"/>
        <line num="5766" count="0" type="stmt"/>
      </file>
    </package>
    <package name="views.helpers">
      <metrics statements="78" coveredstatements="55" conditionals="32" coveredconditionals="15" methods="22" coveredmethods="16"/>
      <file name="wordle.js" path="/Users/colin-McNamara/Documents/Code/CM-GitHub/wordle-clone/src/views/helpers/wordle.js">
        <metrics statements="78" coveredstatements="55" conditionals="32" coveredconditionals="15" methods="22" coveredmethods="16"/>
        <line num="11" count="4" type="stmt"/>
        <line num="12" count="4" type="stmt"/>
        <line num="22" count="4" type="stmt"/>
        <line num="24" count="24" type="stmt"/>
        <line num="25" count="4" type="stmt"/>
        <line num="27" count="24" type="stmt"/>
        <line num="28" count="4" type="stmt"/>
        <line num="29" count="4" type="stmt"/>
        <line num="30" count="4" type="stmt"/>
        <line num="31" count="4" type="stmt"/>
        <line num="33" count="4" type="stmt"/>
        <line num="34" count="4" type="stmt"/>
        <line num="35" count="4" type="stmt"/>
        <line num="36" count="4" type="stmt"/>
        <line num="44" count="15" type="stmt"/>
        <line num="54" count="15" type="stmt"/>
        <line num="55" count="15" type="cond" truecount="1" falsecount="1"/>
        <line num="58" count="75" type="stmt"/>
        <line num="59" count="15" type="cond" truecount="1" falsecount="1"/>
        <line num="62" count="15" type="stmt"/>
        <line num="65" count="15" type="stmt"/>
        <line num="76" count="0" type="stmt"/>
        <line num="79" count="0" type="cond" truecount="0" falsecount="2"/>
        <line num="80" count="0" type="cond" truecount="0" falsecount="2"/>
        <line num="82" count="0" type="stmt"/>
        <line num="85" count="0" type="stmt"/>
        <line num="87" count="0" type="stmt"/>
        <line num="91" count="7" type="stmt"/>
        <line num="92" count="35" type="cond" truecount="2" falsecount="0"/>
        <line num="93" count="7" type="stmt"/>
        <line num="95" count="28" type="stmt"/>
        <line num="97" count="35" type="stmt"/>
        <line num="102" count="0" type="cond" truecount="0" falsecount="2"/>
        <line num="115" count="3" type="stmt"/>
        <line num="116" count="3" type="stmt"/>
        <line num="118" count="3" type="stmt"/>
        <line num="119" count="3" type="stmt"/>
        <line num="121" count="15" type="cond" truecount="2" falsecount="0"/>
        <line num="122" count="8" type="stmt"/>
        <line num="123" count="6" type="stmt"/>
        <line num="124" count="6" type="stmt"/>
        <line num="127" count="45" type="stmt"/>
        <line num="129" count="9" type="cond" truecount="2" falsecount="0"/>
        <line num="130" count="8" type="stmt"/>
        <line num="131" count="8" type="stmt"/>
        <line num="135" count="1" type="cond" truecount="1" falsecount="1"/>
        <line num="136" count="1" type="cond" truecount="1" falsecount="1"/>
        <line num="137" count="1" type="stmt"/>
        <line num="139" count="1" type="stmt"/>
        <line num="141" count="0" type="stmt"/>
        <line num="144" count="3" type="stmt"/>
        <line num="145" count="15" type="stmt"/>
        <line num="146" count="15" type="cond" truecount="2" falsecount="0"/>
        <line num="147" count="1" type="cond" truecount="1" falsecount="1"/>
        <line num="148" count="0" type="stmt"/>
        <line num="150" count="1" type="stmt"/>
        <line num="151" count="1" type="stmt"/>
        <line num="153" count="14" type="stmt"/>
        <line num="157" count="3" type="stmt"/>
        <line num="158" count="15" type="stmt"/>
        <line num="159" count="15" type="stmt"/>
        <line num="162" count="3" type="stmt"/>
        <line num="163" count="3" type="stmt"/>
        <line num="164" count="3" type="stmt"/>
        <line num="174" count="0" type="stmt"/>
        <line num="175" count="0" type="stmt"/>
        <line num="176" count="0" type="stmt"/>
        <line num="177" count="0" type="cond" truecount="0" falsecount="2"/>
        <line num="178" count="0" type="cond" truecount="0" falsecount="2"/>
        <line num="179" count="0" type="stmt"/>
        <line num="180" count="0" type="stmt"/>
        <line num="181" count="0" type="stmt"/>
        <line num="182" count="0" type="stmt"/>
        <line num="184" count="0" type="cond" truecount="0" falsecount="2"/>
        <line num="185" count="0" type="stmt"/>
        <line num="188" count="0" type="stmt"/>
        <line num="191" count="0" type="stmt"/>
        <line num="198" count="0" type="stmt"/>
      </file>
    </package>
  </project>
</coverage>
