{"/Users/colin-McNamara/Documents/Code/CM-GitHub/wordle-clone/src/assets/five-word.js": {"path":"/Users/colin-McNamara/Documents/Code/CM-GitHub/wordle-clone/src/assets/five-word.js","statementMap":{"0":{"start":{"line":1,"column":21},"end":{"line":5747,"column":13}},"1":{"start":{"line":5749,"column":29},"end":{"line":5749,"column":82}},"2":{"start":{"line":5749,"column":35},"end":{"line":5749,"column":82}},"3":{"start":{"line":5756,"column":26},"end":{"line":5767,"column":1}},"4":{"start":{"line":5757,"column":26},"end":{"line":5757,"column":28}},"5":{"start":{"line":5759,"column":2},"end":{"line":5764,"column":5}},"6":{"start":{"line":5760,"column":4},"end":{"line":5762,"column":5}},"7":{"start":{"line":5761,"column":6},"end":{"line":5761,"column":33}},"8":{"start":{"line":5763,"column":4},"end":{"line":5763,"column":16}},"9":{"start":{"line":5766,"column":2},"end":{"line":5766,"column":25}}},"fnMap":{"0":{"name":"(anonymous_0)","decl":{"start":{"line":5749,"column":29},"end":{"line":5749,"column":30}},"loc":{"start":{"line":5749,"column":35},"end":{"line":5749,"column":82}},"line":5749},"1":{"name":"(anonymous_1)","decl":{"start":{"line":5756,"column":26},"end":{"line":5756,"column":27}},"loc":{"start":{"line":5756,"column":50},"end":{"line":5767,"column":1}},"line":5756},"2":{"name":"(anonymous_2)","decl":{"start":{"line":5759,"column":12},"end":{"line":5759,"column":13}},"loc":{"start":{"line":5759,"column":22},"end":{"line":5764,"column":3}},"line":5759}},"branchMap":{"0":{"loc":{"start":{"line":5756,"column":32},"end":{"line":5756,"column":45}},"type":"default-arg","locations":[{"start":{"line":5756,"column":40},"end":{"line":5756,"column":45}}],"line":5756},"1":{"loc":{"start":{"line":5760,"column":4},"end":{"line":5762,"column":5}},"type":"if","locations":[{"start":{"line":5760,"column":4},"end":{"line":5762,"column":5}},{"start":{"line":5760,"column":4},"end":{"line":5762,"column":5}}],"line":5760}},"s":{"0":1,"1":1,"2":0,"3":1,"4":0,"5":0,"6":0,"7":0,"8":0,"9":0},"f":{"0":0,"1":0,"2":0},"b":{"0":[0],"1":[0,0]},"_coverageSchema":"43e27e138ebf9cfc5966b082cf9a028302ed4184","hash":"12b1c3ca8fcdff21626ffbeb0f437cadbc7bd62f"}
,"/Users/colin-McNamara/Documents/Code/CM-GitHub/wordle-clone/src/views/helpers/wordle.js": {"path":"/Users/colin-McNamara/Documents/Code/CM-GitHub/wordle-clone/src/views/helpers/wordle.js","statementMap":{"0":{"start":{"line":11,"column":4},"end":{"line":11,"column":26}},"1":{"start":{"line":12,"column":4},"end":{"line":12,"column":42}},"2":{"start":{"line":22,"column":4},"end":{"line":24,"column":45}},"3":{"start":{"line":24,"column":17},"end":{"line":24,"column":43}},"4":{"start":{"line":25,"column":4},"end":{"line":27,"column":48}},"5":{"start":{"line":27,"column":17},"end":{"line":27,"column":46}},"6":{"start":{"line":28,"column":4},"end":{"line":28,"column":25}},"7":{"start":{"line":29,"column":4},"end":{"line":29,"column":25}},"8":{"start":{"line":30,"column":4},"end":{"line":30,"column":26}},"9":{"start":{"line":31,"column":4},"end":{"line":31,"column":25}},"10":{"start":{"line":33,"column":4},"end":{"line":33,"column":54}},"11":{"start":{"line":34,"column":4},"end":{"line":34,"column":20}},"12":{"start":{"line":35,"column":4},"end":{"line":35,"column":22}},"13":{"start":{"line":36,"column":4},"end":{"line":40,"column":7}},"14":{"start":{"line":44,"column":4},"end":{"line":44,"column":59}},"15":{"start":{"line":44,"column":35},"end":{"line":44,"column":57}},"16":{"start":{"line":54,"column":19},"end":{"line":54,"column":40}},"17":{"start":{"line":55,"column":4},"end":{"line":55,"column":41}},"18":{"start":{"line":55,"column":34},"end":{"line":55,"column":41}},"19":{"start":{"line":58,"column":24},"end":{"line":58,"column":75}},"20":{"start":{"line":58,"column":66},"end":{"line":58,"column":74}},"21":{"start":{"line":59,"column":4},"end":{"line":59,"column":41}},"22":{"start":{"line":59,"column":34},"end":{"line":59,"column":41}},"23":{"start":{"line":62,"column":4},"end":{"line":62,"column":69}},"24":{"start":{"line":65,"column":4},"end":{"line":65,"column":27}},"25":{"start":{"line":76,"column":22},"end":{"line":76,"column":76}},"26":{"start":{"line":76,"column":67},"end":{"line":76,"column":75}},"27":{"start":{"line":79,"column":4},"end":{"line":79,"column":32}},"28":{"start":{"line":79,"column":25},"end":{"line":79,"column":32}},"29":{"start":{"line":80,"column":4},"end":{"line":86,"column":5}},"30":{"start":{"line":82,"column":6},"end":{"line":82,"column":71}},"31":{"start":{"line":85,"column":6},"end":{"line":85,"column":63}},"32":{"start":{"line":87,"column":4},"end":{"line":87,"column":27}},"33":{"start":{"line":91,"column":4},"end":{"line":98,"column":11}},"34":{"start":{"line":92,"column":6},"end":{"line":96,"column":7}},"35":{"start":{"line":93,"column":8},"end":{"line":93,"column":33}},"36":{"start":{"line":95,"column":8},"end":{"line":95,"column":31}},"37":{"start":{"line":97,"column":6},"end":{"line":97,"column":18}},"38":{"start":{"line":102,"column":4},"end":{"line":102,"column":41}},"39":{"start":{"line":115,"column":23},"end":{"line":115,"column":27}},"40":{"start":{"line":116,"column":18},"end":{"line":116,"column":54}},"41":{"start":{"line":118,"column":22},"end":{"line":118,"column":59}},"42":{"start":{"line":119,"column":18},"end":{"line":142,"column":6}},"43":{"start":{"line":121,"column":6},"end":{"line":125,"column":7}},"44":{"start":{"line":122,"column":8},"end":{"line":122,"column":73}},"45":{"start":{"line":122,"column":60},"end":{"line":122,"column":71}},"46":{"start":{"line":123,"column":8},"end":{"line":123,"column":39}},"47":{"start":{"line":124,"column":8},"end":{"line":124,"column":23}},"48":{"start":{"line":127,"column":28},"end":{"line":127,"column":72}},"49":{"start":{"line":127,"column":59},"end":{"line":127,"column":71}},"50":{"start":{"line":129,"column":6},"end":{"line":132,"column":7}},"51":{"start":{"line":130,"column":8},"end":{"line":130,"column":39}},"52":{"start":{"line":131,"column":8},"end":{"line":131,"column":23}},"53":{"start":{"line":135,"column":6},"end":{"line":140,"column":7}},"54":{"start":{"line":136,"column":8},"end":{"line":138,"column":9}},"55":{"start":{"line":137,"column":10},"end":{"line":137,"column":42}},"56":{"start":{"line":139,"column":8},"end":{"line":139,"column":24}},"57":{"start":{"line":141,"column":6},"end":{"line":141,"column":21}},"58":{"start":{"line":144,"column":23},"end":{"line":154,"column":6}},"59":{"start":{"line":145,"column":19},"end":{"line":145,"column":31}},"60":{"start":{"line":146,"column":6},"end":{"line":152,"column":7}},"61":{"start":{"line":147,"column":8},"end":{"line":149,"column":9}},"62":{"start":{"line":148,"column":10},"end":{"line":148,"column":25}},"63":{"start":{"line":150,"column":8},"end":{"line":150,"column":34}},"64":{"start":{"line":151,"column":8},"end":{"line":151,"column":24}},"65":{"start":{"line":153,"column":6},"end":{"line":153,"column":18}},"66":{"start":{"line":157,"column":4},"end":{"line":160,"column":7}},"67":{"start":{"line":158,"column":6},"end":{"line":158,"column":71}},"68":{"start":{"line":159,"column":6},"end":{"line":159,"column":18}},"69":{"start":{"line":162,"column":4},"end":{"line":162,"column":26}},"70":{"start":{"line":163,"column":4},"end":{"line":163,"column":26}},"71":{"start":{"line":164,"column":4},"end":{"line":164,"column":22}},"72":{"start":{"line":174,"column":16},"end":{"line":174,"column":38}},"73":{"start":{"line":175,"column":23},"end":{"line":175,"column":25}},"74":{"start":{"line":176,"column":4},"end":{"line":189,"column":8}},"75":{"start":{"line":176,"column":38},"end":{"line":189,"column":6}},"76":{"start":{"line":177,"column":6},"end":{"line":177,"column":55}},"77":{"start":{"line":177,"column":38},"end":{"line":177,"column":55}},"78":{"start":{"line":178,"column":6},"end":{"line":183,"column":7}},"79":{"start":{"line":179,"column":22},"end":{"line":179,"column":56}},"80":{"start":{"line":180,"column":8},"end":{"line":180,"column":27}},"81":{"start":{"line":181,"column":8},"end":{"line":181,"column":31}},"82":{"start":{"line":182,"column":8},"end":{"line":182,"column":42}},"83":{"start":{"line":184,"column":6},"end":{"line":186,"column":7}},"84":{"start":{"line":185,"column":8},"end":{"line":185,"column":25}},"85":{"start":{"line":188,"column":6},"end":{"line":188,"column":17}},"86":{"start":{"line":191,"column":23},"end":{"line":191,"column":47}},"87":{"start":{"line":198,"column":4},"end":{"line":198,"column":22}}},"fnMap":{"0":{"name":"(anonymous_0)","decl":{"start":{"line":10,"column":2},"end":{"line":10,"column":3}},"loc":{"start":{"line":10,"column":51},"end":{"line":13,"column":3}},"line":10},"1":{"name":"(anonymous_1)","decl":{"start":{"line":21,"column":2},"end":{"line":21,"column":3}},"loc":{"start":{"line":21,"column":35},"end":{"line":41,"column":3}},"line":21},"2":{"name":"(anonymous_2)","decl":{"start":{"line":24,"column":11},"end":{"line":24,"column":12}},"loc":{"start":{"line":24,"column":17},"end":{"line":24,"column":43}},"line":24},"3":{"name":"(anonymous_3)","decl":{"start":{"line":27,"column":11},"end":{"line":27,"column":12}},"loc":{"start":{"line":27,"column":17},"end":{"line":27,"column":46}},"line":27},"4":{"name":"(anonymous_4)","decl":{"start":{"line":43,"column":2},"end":{"line":43,"column":3}},"loc":{"start":{"line":43,"column":17},"end":{"line":45,"column":3}},"line":43},"5":{"name":"(anonymous_5)","decl":{"start":{"line":44,"column":23},"end":{"line":44,"column":24}},"loc":{"start":{"line":44,"column":35},"end":{"line":44,"column":57}},"line":44},"6":{"name":"(anonymous_6)","decl":{"start":{"line":52,"column":2},"end":{"line":52,"column":3}},"loc":{"start":{"line":52,"column":21},"end":{"line":66,"column":3}},"line":52},"7":{"name":"(anonymous_7)","decl":{"start":{"line":58,"column":59},"end":{"line":58,"column":60}},"loc":{"start":{"line":58,"column":66},"end":{"line":58,"column":74}},"line":58},"8":{"name":"(anonymous_8)","decl":{"start":{"line":71,"column":2},"end":{"line":71,"column":3}},"loc":{"start":{"line":71,"column":17},"end":{"line":88,"column":3}},"line":71},"9":{"name":"(anonymous_9)","decl":{"start":{"line":76,"column":60},"end":{"line":76,"column":61}},"loc":{"start":{"line":76,"column":67},"end":{"line":76,"column":75}},"line":76},"10":{"name":"(anonymous_10)","decl":{"start":{"line":90,"column":2},"end":{"line":90,"column":3}},"loc":{"start":{"line":90,"column":28},"end":{"line":99,"column":3}},"line":90},"11":{"name":"(anonymous_11)","decl":{"start":{"line":91,"column":33},"end":{"line":91,"column":34}},"loc":{"start":{"line":91,"column":58},"end":{"line":98,"column":5}},"line":91},"12":{"name":"(anonymous_12)","decl":{"start":{"line":101,"column":2},"end":{"line":101,"column":3}},"loc":{"start":{"line":101,"column":25},"end":{"line":103,"column":3}},"line":101},"13":{"name":"(anonymous_13)","decl":{"start":{"line":114,"column":2},"end":{"line":114,"column":3}},"loc":{"start":{"line":114,"column":16},"end":{"line":165,"column":3}},"line":114},"14":{"name":"(anonymous_14)","decl":{"start":{"line":119,"column":38},"end":{"line":119,"column":39}},"loc":{"start":{"line":119,"column":57},"end":{"line":142,"column":5}},"line":119},"15":{"name":"(anonymous_15)","decl":{"start":{"line":122,"column":53},"end":{"line":122,"column":54}},"loc":{"start":{"line":122,"column":60},"end":{"line":122,"column":71}},"line":122},"16":{"name":"(anonymous_16)","decl":{"start":{"line":127,"column":52},"end":{"line":127,"column":53}},"loc":{"start":{"line":127,"column":59},"end":{"line":127,"column":71}},"line":127},"17":{"name":"(anonymous_17)","decl":{"start":{"line":144,"column":43},"end":{"line":144,"column":44}},"loc":{"start":{"line":144,"column":62},"end":{"line":154,"column":5}},"line":144},"18":{"name":"(anonymous_18)","decl":{"start":{"line":157,"column":37},"end":{"line":157,"column":38}},"loc":{"start":{"line":157,"column":54},"end":{"line":160,"column":5}},"line":157},"19":{"name":"(anonymous_19)","decl":{"start":{"line":171,"column":2},"end":{"line":171,"column":3}},"loc":{"start":{"line":171,"column":16},"end":{"line":199,"column":3}},"line":171},"20":{"name":"(anonymous_20)","decl":{"start":{"line":176,"column":19},"end":{"line":176,"column":20}},"loc":{"start":{"line":176,"column":38},"end":{"line":189,"column":6}},"line":176},"21":{"name":"(anonymous_21)","decl":{"start":{"line":176,"column":46},"end":{"line":176,"column":47}},"loc":{"start":{"line":176,"column":63},"end":{"line":189,"column":5}},"line":176}},"branchMap":{"0":{"loc":{"start":{"line":10,"column":16},"end":{"line":10,"column":27}},"type":"default-arg","locations":[{"start":{"line":10,"column":26},"end":{"line":10,"column":27}}],"line":10},"1":{"loc":{"start":{"line":10,"column":29},"end":{"line":10,"column":39}},"type":"default-arg","locations":[{"start":{"line":10,"column":38},"end":{"line":10,"column":39}}],"line":10},"2":{"loc":{"start":{"line":55,"column":4},"end":{"line":55,"column":41}},"type":"if","locations":[{"start":{"line":55,"column":4},"end":{"line":55,"column":41}},{"start":{"line":55,"column":4},"end":{"line":55,"column":41}}],"line":55},"3":{"loc":{"start":{"line":59,"column":4},"end":{"line":59,"column":41}},"type":"if","locations":[{"start":{"line":59,"column":4},"end":{"line":59,"column":41}},{"start":{"line":59,"column":4},"end":{"line":59,"column":41}}],"line":59},"4":{"loc":{"start":{"line":79,"column":4},"end":{"line":79,"column":32}},"type":"if","locations":[{"start":{"line":79,"column":4},"end":{"line":79,"column":32}},{"start":{"line":79,"column":4},"end":{"line":79,"column":32}}],"line":79},"5":{"loc":{"start":{"line":80,"column":4},"end":{"line":86,"column":5}},"type":"if","locations":[{"start":{"line":80,"column":4},"end":{"line":86,"column":5}},{"start":{"line":80,"column":4},"end":{"line":86,"column":5}}],"line":80},"6":{"loc":{"start":{"line":92,"column":6},"end":{"line":96,"column":7}},"type":"if","locations":[{"start":{"line":92,"column":6},"end":{"line":96,"column":7}},{"start":{"line":92,"column":6},"end":{"line":96,"column":7}}],"line":92},"7":{"loc":{"start":{"line":102,"column":11},"end":{"line":102,"column":40}},"type":"binary-expr","locations":[{"start":{"line":102,"column":11},"end":{"line":102,"column":31}},{"start":{"line":102,"column":35},"end":{"line":102,"column":40}}],"line":102},"8":{"loc":{"start":{"line":121,"column":6},"end":{"line":125,"column":7}},"type":"if","locations":[{"start":{"line":121,"column":6},"end":{"line":125,"column":7}},{"start":{"line":121,"column":6},"end":{"line":125,"column":7}}],"line":121},"9":{"loc":{"start":{"line":129,"column":6},"end":{"line":132,"column":7}},"type":"if","locations":[{"start":{"line":129,"column":6},"end":{"line":132,"column":7}},{"start":{"line":129,"column":6},"end":{"line":132,"column":7}}],"line":129},"10":{"loc":{"start":{"line":135,"column":6},"end":{"line":140,"column":7}},"type":"if","locations":[{"start":{"line":135,"column":6},"end":{"line":140,"column":7}},{"start":{"line":135,"column":6},"end":{"line":140,"column":7}}],"line":135},"11":{"loc":{"start":{"line":136,"column":8},"end":{"line":138,"column":9}},"type":"if","locations":[{"start":{"line":136,"column":8},"end":{"line":138,"column":9}},{"start":{"line":136,"column":8},"end":{"line":138,"column":9}}],"line":136},"12":{"loc":{"start":{"line":146,"column":6},"end":{"line":152,"column":7}},"type":"if","locations":[{"start":{"line":146,"column":6},"end":{"line":152,"column":7}},{"start":{"line":146,"column":6},"end":{"line":152,"column":7}}],"line":146},"13":{"loc":{"start":{"line":147,"column":8},"end":{"line":149,"column":9}},"type":"if","locations":[{"start":{"line":147,"column":8},"end":{"line":149,"column":9}},{"start":{"line":147,"column":8},"end":{"line":149,"column":9}}],"line":147},"14":{"loc":{"start":{"line":177,"column":6},"end":{"line":177,"column":55}},"type":"if","locations":[{"start":{"line":177,"column":6},"end":{"line":177,"column":55}},{"start":{"line":177,"column":6},"end":{"line":177,"column":55}}],"line":177},"15":{"loc":{"start":{"line":178,"column":6},"end":{"line":183,"column":7}},"type":"if","locations":[{"start":{"line":178,"column":6},"end":{"line":183,"column":7}},{"start":{"line":178,"column":6},"end":{"line":183,"column":7}}],"line":178},"16":{"loc":{"start":{"line":184,"column":6},"end":{"line":186,"column":7}},"type":"if","locations":[{"start":{"line":184,"column":6},"end":{"line":186,"column":7}},{"start":{"line":184,"column":6},"end":{"line":186,"column":7}}],"line":184}},"s":{"0":4,"1":4,"2":4,"3":24,"4":4,"5":24,"6":4,"7":4,"8":4,"9":4,"10":4,"11":4,"12":4,"13":4,"14":3,"15":15,"16":15,"17":15,"18":0,"19":15,"20":75,"21":15,"22":0,"23":15,"24":15,"25":0,"26":0,"27":0,"28":0,"29":0,"30":0,"31":0,"32":0,"33":7,"34":35,"35":7,"36":28,"37":35,"38":0,"39":3,"40":3,"41":3,"42":3,"43":15,"44":6,"45":8,"46":6,"47":6,"48":9,"49":45,"50":9,"51":8,"52":8,"53":1,"54":1,"55":1,"56":1,"57":0,"58":3,"59":15,"60":15,"61":1,"62":0,"63":1,"64":1,"65":14,"66":3,"67":15,"68":15,"69":3,"70":3,"71":3,"72":0,"73":0,"74":0,"75":0,"76":0,"77":0,"78":0,"79":0,"80":0,"81":0,"82":0,"83":0,"84":0,"85":0,"86":0,"87":0},"f":{"0":4,"1":4,"2":24,"3":24,"4":3,"5":15,"6":15,"7":75,"8":0,"9":0,"10":7,"11":35,"12":0,"13":3,"14":15,"15":8,"16":45,"17":15,"18":15,"19":0,"20":0,"21":0},"b":{"0":[4],"1":[4],"2":[0,15],"3":[0,15],"4":[0,0],"5":[0,0],"6":[7,28],"7":[0,0],"8":[6,9],"9":[8,1],"10":[1,0],"11":[1,0],"12":[1,14],"13":[0,1],"14":[0,0],"15":[0,0],"16":[0,0]},"_coverageSchema":"43e27e138ebf9cfc5966b082cf9a028302ed4184","hash":"1f1a7692a191100904c527dd26a444fa73f4aed5"}
}
