TN:
SF:/Users/colin-McNamara/Documents/Code/CM-GitHub/wordle-clone/src/assets/five-word.js
FN:5749,(anonymous_0)
FN:5756,(anonymous_1)
FN:5759,(anonymous_2)
FNF:3
FNH:0
FNDA:0,(anonymous_0)
FNDA:0,(anonymous_1)
FNDA:0,(anonymous_2)
DA:1,1
DA:5749,1
DA:5756,1
DA:5757,0
DA:5759,0
DA:5760,0
DA:5761,0
DA:5763,0
DA:5766,0
LF:9
LH:3
BRDA:5756,0,0,0
BRDA:5760,1,0,0
BRDA:5760,1,1,0
BRF:3
BRH:0
end_of_record
TN:
SF:/Users/colin-McNamara/Documents/Code/CM-GitHub/wordle-clone/src/views/helpers/wordle.js
FN:10,(anonymous_0)
FN:21,(anonymous_1)
FN:24,(anonymous_2)
FN:27,(anonymous_3)
FN:43,(anonymous_4)
FN:44,(anonymous_5)
FN:52,(anonymous_6)
FN:58,(anonymous_7)
FN:71,(anonymous_8)
FN:76,(anonymous_9)
FN:90,(anonymous_10)
FN:91,(anonymous_11)
FN:101,(anonymous_12)
FN:114,(anonymous_13)
FN:119,(anonymous_14)
FN:122,(anonymous_15)
FN:127,(anonymous_16)
FN:144,(anonymous_17)
FN:157,(anonymous_18)
FN:171,(anonymous_19)
FN:176,(anonymous_20)
FN:176,(anonymous_21)
FNF:22
FNH:16
FNDA:4,(anonymous_0)
FNDA:4,(anonymous_1)
FNDA:24,(anonymous_2)
FNDA:24,(anonymous_3)
FNDA:3,(anonymous_4)
FNDA:15,(anonymous_5)
FNDA:15,(anonymous_6)
FNDA:75,(anonymous_7)
FNDA:0,(anonymous_8)
FNDA:0,(anonymous_9)
FNDA:7,(anonymous_10)
FNDA:35,(anonymous_11)
FNDA:0,(anonymous_12)
FNDA:3,(anonymous_13)
FNDA:15,(anonymous_14)
FNDA:8,(anonymous_15)
FNDA:45,(anonymous_16)
FNDA:15,(anonymous_17)
FNDA:15,(anonymous_18)
FNDA:0,(anonymous_19)
FNDA:0,(anonymous_20)
FNDA:0,(anonymous_21)
DA:11,4
DA:12,4
DA:22,4
DA:24,24
DA:25,4
DA:27,24
DA:28,4
DA:29,4
DA:30,4
DA:31,4
DA:33,4
DA:34,4
DA:35,4
DA:36,4
DA:44,15
DA:54,15
DA:55,15
DA:58,75
DA:59,15
DA:62,15
DA:65,15
DA:76,0
DA:79,0
DA:80,0
DA:82,0
DA:85,0
DA:87,0
DA:91,7
DA:92,35
DA:93,7
DA:95,28
DA:97,35
DA:102,0
DA:115,3
DA:116,3
DA:118,3
DA:119,3
DA:121,15
DA:122,8
DA:123,6
DA:124,6
DA:127,45
DA:129,9
DA:130,8
DA:131,8
DA:135,1
DA:136,1
DA:137,1
DA:139,1
DA:141,0
DA:144,3
DA:145,15
DA:146,15
DA:147,1
DA:148,0
DA:150,1
DA:151,1
DA:153,14
DA:157,3
DA:158,15
DA:159,15
DA:162,3
DA:163,3
DA:164,3
DA:174,0
DA:175,0
DA:176,0
DA:177,0
DA:178,0
DA:179,0
DA:180,0
DA:181,0
DA:182,0
DA:184,0
DA:185,0
DA:188,0
DA:191,0
DA:198,0
LF:78
LH:55
BRDA:10,0,0,4
BRDA:10,1,0,4
BRDA:55,2,0,0
BRDA:55,2,1,15
BRDA:59,3,0,0
BRDA:59,3,1,15
BRDA:79,4,0,0
BRDA:79,4,1,0
BRDA:80,5,0,0
BRDA:80,5,1,0
BRDA:92,6,0,7
BRDA:92,6,1,28
BRDA:102,7,0,0
BRDA:102,7,1,0
BRDA:121,8,0,6
BRDA:121,8,1,9
BRDA:129,9,0,8
BRDA:129,9,1,1
BRDA:135,10,0,1
BRDA:135,10,1,0
BRDA:136,11,0,1
BRDA:136,11,1,0
BRDA:146,12,0,1
BRDA:146,12,1,14
BRDA:147,13,0,0
BRDA:147,13,1,1
BRDA:177,14,0,0
BRDA:177,14,1,0
BRDA:178,15,0,0
BRDA:178,15,1,0
BRDA:184,16,0,0
BRDA:184,16,1,0
BRF:32
BRH:15
end_of_record
